[2020-07-29 20:21:00] [ INFO ] [ControladorRest:33] Obteniendo todos los Clientes
[2020-07-29 20:21:00] [ INFO ] [ControladorRest:44] Obteniendo todos los productos
[2020-07-29 20:24:50] [ INFO ] [ControladorRest:33] Obteniendo todos los Clientes
[2020-07-29 20:24:50] [ INFO ] [ControladorRest:44] Obteniendo todos los productos
[2020-07-29 20:27:54] [ INFO ] [ControladorRest:33] Obteniendo todos los Clientes
[2020-07-29 20:27:55] [ INFO ] [ControladorRest:44] Obteniendo todos los productos
[2020-07-29 20:28:01] [ INFO ] [ControladorRest:33] Obteniendo todos los Clientes
[2020-07-29 20:28:01] [ INFO ] [ControladorRest:44] Obteniendo todos los productos
[2020-07-29 20:28:18] [ INFO ] [ControladorRest:33] Obteniendo todos los Clientes
[2020-07-29 20:28:18] [ INFO ] [ControladorRest:44] Obteniendo todos los productos
[2020-07-29 20:28:22] [ INFO ] [ControladorRest:33] Obteniendo todos los Clientes
[2020-07-29 20:28:23] [ INFO ] [ControladorRest:44] Obteniendo todos los productos
[2020-07-29 20:28:27] [ INFO ] [ControladorRest:33] Obteniendo todos los Clientes
[2020-07-29 20:28:27] [ INFO ] [ControladorRest:44] Obteniendo todos los productos
[2020-07-29 20:31:15] [ INFO ] [ControladorRest:33] Obteniendo todos los Clientes
[2020-07-29 20:31:16] [ INFO ] [ControladorRest:44] Obteniendo todos los productos
[2020-07-29 20:31:21] [ INFO ] [ControladorRest:33] Obteniendo todos los Clientes
[2020-07-29 20:31:21] [ INFO ] [ControladorRest:44] Obteniendo todos los productos
[2020-07-29 20:31:53] [ INFO ] [ControladorRest:33] Obteniendo todos los Clientes
[2020-07-29 20:31:53] [ INFO ] [ControladorRest:44] Obteniendo todos los productos
[2020-07-29 20:31:55] [ INFO ] [ControladorRest:33] Obteniendo todos los Clientes
[2020-07-29 20:31:56] [ INFO ] [ControladorRest:44] Obteniendo todos los productos
[2020-07-29 20:32:00] [ INFO ] [ControladorRest:33] Obteniendo todos los Clientes
[2020-07-29 20:32:00] [ INFO ] [ControladorRest:44] Obteniendo todos los productos
[2020-07-29 20:33:58] [ INFO ] [ControladorRest:33] Obteniendo todos los Clientes
[2020-07-29 20:33:58] [ INFO ] [ControladorRest:44] Obteniendo todos los productos
[2020-07-29 20:34:33] [ INFO ] [ControladorRest:33] Obteniendo todos los Clientes
[2020-07-29 20:34:33] [ INFO ] [ControladorRest:44] Obteniendo todos los productos
[2020-07-29 20:35:12] [ INFO ] [ControladorRest:33] Obteniendo todos los Clientes
[2020-07-29 20:35:13] [ INFO ] [ControladorRest:44] Obteniendo todos los productos
[2020-07-29 20:35:39] [ INFO ] [ControladorRest:33] Obteniendo todos los Clientes
[2020-07-29 20:35:39] [ INFO ] [ControladorRest:44] Obteniendo todos los productos
[2020-07-29 20:35:53] [ INFO ] [ControladorRest:33] Obteniendo todos los Clientes
[2020-07-29 20:35:53] [ INFO ] [ControladorRest:44] Obteniendo todos los productos
[2020-07-29 20:36:09] [ INFO ] [ControladorRest:33] Obteniendo todos los Clientes
[2020-07-29 20:36:10] [ INFO ] [ControladorRest:44] Obteniendo todos los productos
[2020-07-29 20:36:20] [ INFO ] [ControladorRest:33] Obteniendo todos los Clientes
[2020-07-29 20:36:21] [ INFO ] [ControladorRest:44] Obteniendo todos los productos
[2020-07-29 20:36:26] [ INFO ] [ControladorRest:33] Obteniendo todos los Clientes
[2020-07-29 20:36:26] [ INFO ] [ControladorRest:44] Obteniendo todos los productos
[2020-07-29 20:37:56] [ INFO ] [ControladorRest:33] Obteniendo todos los Clientes
[2020-07-29 20:37:56] [ INFO ] [ControladorRest:44] Obteniendo todos los productos
[2020-07-29 20:39:14] [ INFO ] [ControladorRest:33] Obteniendo todos los Clientes
[2020-07-29 20:39:14] [ INFO ] [ControladorRest:44] Obteniendo todos los productos
[2020-07-29 20:41:21] [ INFO ] [ControladorRest:33] Obteniendo todos los Clientes
[2020-07-29 20:41:22] [ INFO ] [ControladorRest:44] Obteniendo todos los productos
[2020-07-29 20:41:28] [ INFO ] [ControladorRest:33] Obteniendo todos los Clientes
[2020-07-29 20:41:29] [ INFO ] [ControladorRest:44] Obteniendo todos los productos
[2020-07-29 20:43:03] [ INFO ] [ControladorRest:33] Obteniendo todos los Clientes
[2020-07-29 20:43:03] [ INFO ] [ControladorRest:44] Obteniendo todos los productos
[2020-07-29 20:43:06] [ INFO ] [ControladorRest:33] Obteniendo todos los Clientes
[2020-07-29 20:43:07] [ INFO ] [ControladorRest:44] Obteniendo todos los productos
[2020-07-29 20:45:11] [ INFO ] [ControladorRest:33] Obteniendo todos los Clientes
[2020-07-29 20:45:11] [ INFO ] [ControladorRest:44] Obteniendo todos los productos
[2020-07-29 20:45:26] [ INFO ] [ControladorRest:33] Obteniendo todos los Clientes
[2020-07-29 20:45:27] [ INFO ] [ControladorRest:44] Obteniendo todos los productos
[2020-07-29 20:45:37] [ INFO ] [ControladorRest:33] Obteniendo todos los Clientes
[2020-07-29 20:45:38] [ INFO ] [ControladorRest:44] Obteniendo todos los productos
[2020-07-29 20:47:06] [ INFO ] [ControladorRest:33] Obteniendo todos los Clientes
[2020-07-29 20:47:07] [ INFO ] [ControladorRest:44] Obteniendo todos los productos
[2020-07-29 20:47:27] [ INFO ] [ControladorRest:33] Obteniendo todos los Clientes
[2020-07-29 20:47:28] [ INFO ] [ControladorRest:44] Obteniendo todos los productos
[2020-07-29 20:47:52] [ INFO ] [ControladorRest:33] Obteniendo todos los Clientes
[2020-07-29 20:47:53] [ INFO ] [ControladorRest:44] Obteniendo todos los productos
[2020-07-29 20:47:56] [ INFO ] [ControladorRest:33] Obteniendo todos los Clientes
[2020-07-29 20:47:56] [ INFO ] [ControladorRest:44] Obteniendo todos los productos
[2020-07-29 20:48:37] [ INFO ] [ControladorRest:33] Obteniendo todos los Clientes
[2020-07-29 20:48:38] [ INFO ] [ControladorRest:44] Obteniendo todos los productos
[2020-07-29 20:49:02] [ INFO ] [ControladorRest:33] Obteniendo todos los Clientes
[2020-07-29 20:49:02] [ INFO ] [ControladorRest:44] Obteniendo todos los productos
[2020-07-29 20:49:25] [ INFO ] [ControladorRest:33] Obteniendo todos los Clientes
[2020-07-29 20:49:25] [ INFO ] [ControladorRest:44] Obteniendo todos los productos
[2020-07-29 20:49:31] [ INFO ] [ControladorRest:33] Obteniendo todos los Clientes
[2020-07-29 20:49:31] [ INFO ] [ControladorRest:44] Obteniendo todos los productos
[2020-07-29 20:49:34] [ INFO ] [ControladorRest:33] Obteniendo todos los Clientes
[2020-07-29 20:49:34] [ INFO ] [ControladorRest:44] Obteniendo todos los productos
[2020-07-29 20:49:38] [ INFO ] [ControladorRest:33] Obteniendo todos los Clientes
[2020-07-29 20:49:38] [ INFO ] [ControladorRest:44] Obteniendo todos los productos
[2020-07-29 20:50:54] [ INFO ] [ControladorRest:33] Obteniendo todos los Clientes
[2020-07-29 20:50:54] [ INFO ] [ControladorRest:44] Obteniendo todos los productos
[2020-07-29 21:03:17] [ INFO ] [ControladorRest:33] Obteniendo todos los Clientes
[2020-07-29 21:03:18] [ INFO ] [ControladorRest:44] Obteniendo todos los productos
[2020-07-29 21:03:44] [ INFO ] [ControladorRest:33] Obteniendo todos los Clientes
[2020-07-29 21:03:44] [ INFO ] [ControladorRest:44] Obteniendo todos los productos
[2020-07-29 21:03:54] [ INFO ] [ControladorRest:33] Obteniendo todos los Clientes
[2020-07-29 21:03:54] [ INFO ] [ControladorRest:44] Obteniendo todos los productos
[2020-07-29 21:03:58] [ INFO ] [ControladorRest:33] Obteniendo todos los Clientes
[2020-07-29 21:03:58] [ INFO ] [ControladorRest:44] Obteniendo todos los productos
[2020-07-29 21:26:45] [ INFO ] [ControladorRest:34] Obteniendo todos los Clientes
[2020-07-29 21:26:46] [ INFO ] [ControladorRest:45] Obteniendo todos los productos
[2020-07-29 21:29:27] [ INFO ] [ControladorRest:34] Obteniendo todos los Clientes
[2020-07-29 21:31:54] [ INFO ] [ControladorRest:56] Save cliente en BBDD
[2020-07-29 21:33:04] [ INFO ] [ControladorRest:56] Save cliente en BBDD
[2020-07-29 21:33:22] [ INFO ] [ControladorRest:34] Obteniendo todos los Clientes
[2020-07-29 21:33:25] [ INFO ] [ControladorRest:34] Obteniendo todos los Clientes
[2020-07-29 21:33:29] [ INFO ] [ControladorRest:34] Obteniendo todos los Clientes
[2020-07-29 21:33:34] [ INFO ] [ControladorRest:34] Obteniendo todos los Clientes
[2020-07-29 21:36:06] [ INFO ] [ControladorRest:34] Obteniendo todos los Clientes
[2020-07-29 21:36:07] [ INFO ] [ControladorRest:45] Obteniendo todos los productos
[2020-07-29 21:37:33] [ INFO ] [ControladorRest:56] Save cliente en BBDD
[2020-07-29 21:37:56] [ INFO ] [ControladorRest:34] Obteniendo todos los Clientes
[2020-07-29 21:37:56] [ INFO ] [ControladorRest:45] Obteniendo todos los productos
[2020-07-29 21:39:31] [ INFO ] [ControladorRest:56] Save cliente en BBDD
[2020-07-29 21:39:40] [ INFO ] [ControladorRest:34] Obteniendo todos los Clientes
[2020-07-29 21:39:40] [ INFO ] [ControladorRest:45] Obteniendo todos los productos
[2020-07-29 21:39:43] [ INFO ] [ControladorRest:34] Obteniendo todos los Clientes
[2020-07-29 21:39:43] [ INFO ] [ControladorRest:45] Obteniendo todos los productos
[2020-07-29 21:42:40] [ INFO ] [ControladorRest:45] Obteniendo todos los productos
[2020-07-29 21:46:14] [ INFO ] [ControladorRest:70] Save producto en BBDD
[2020-07-29 21:47:17] [ INFO ] [ControladorRest:34] Obteniendo todos los clientes
[2020-07-29 21:48:12] [ INFO ] [ControladorRest:34] Obteniendo todos los clientes
[2020-07-29 21:48:12] [ INFO ] [ControladorRest:45] Obteniendo todos los productos
[2020-07-29 21:50:03] [ INFO ] [ControladorRest:34] Obteniendo todos los clientes
[2020-07-29 21:50:03] [ INFO ] [ControladorRest:45] Obteniendo todos los productos
[2020-07-29 21:50:16] [ INFO ] [ControladorRest:34] Obteniendo todos los clientes
[2020-07-29 21:50:16] [ INFO ] [ControladorRest:45] Obteniendo todos los productos
[2020-07-29 21:51:23] [ INFO ] [ControladorRest:34] Obteniendo todos los clientes
[2020-07-29 21:51:24] [ INFO ] [ControladorRest:45] Obteniendo todos los productos
[2020-07-29 21:56:42] [ INFO ] [ControladorRest:34] Obteniendo todos los clientes
[2020-07-29 21:56:43] [ INFO ] [ControladorRest:45] Obteniendo todos los productos
[2020-07-29 22:52:26] [ INFO ] [ControladorRest:34] Obteniendo todos los clientes
[2020-07-29 22:52:27] [ INFO ] [ControladorRest:45] Obteniendo todos los productos
[2020-07-29 22:52:40] [ INFO ] [ControladorRest:34] Obteniendo todos los clientes
[2020-07-29 22:52:41] [ INFO ] [ControladorRest:45] Obteniendo todos los productos
[2020-07-29 22:53:45] [ INFO ] [ControladorRest:34] Obteniendo todos los clientes
[2020-07-29 22:53:46] [ INFO ] [ControladorRest:45] Obteniendo todos los productos
[2020-07-29 23:07:12] [ INFO ] [ControladorRest:34] Obteniendo todos los clientes
[2020-07-29 23:07:12] [ INFO ] [ControladorRest:45] Obteniendo todos los productos
[2020-07-29 23:34:58] [ INFO ] [ControladorRest:35] Obteniendo todos los clientes
[2020-07-29 23:35:00] [ INFO ] [ControladorRest:46] Obteniendo todos los productos
[2020-07-29 23:36:02] [ INFO ] [ControladorRest:35] Obteniendo todos los clientes
[2020-07-29 23:36:02] [ INFO ] [ControladorRest:46] Obteniendo todos los productos
[2020-07-29 23:37:28] [ INFO ] [ControladorRest:35] Obteniendo todos los clientes
[2020-07-29 23:37:28] [ INFO ] [ControladorRest:46] Obteniendo todos los productos
[2020-07-29 23:37:52] [ INFO ] [ControladorRest:35] Obteniendo todos los clientes
[2020-07-29 23:37:52] [ INFO ] [ControladorRest:46] Obteniendo todos los productos
[2020-07-29 23:39:02] [ INFO ] [ControladorRest:35] Obteniendo todos los clientes
[2020-07-29 23:39:04] [ INFO ] [ControladorRest:46] Obteniendo todos los productos
[2020-07-29 23:40:37] [ INFO ] [ControladorRest:35] Obteniendo todos los clientes
[2020-07-29 23:40:37] [ INFO ] [ControladorRest:46] Obteniendo todos los productos
[2020-07-29 23:41:14] [ INFO ] [ControladorRest:85] Recibo la compra
[2020-07-30 00:10:30] [ INFO ] [ControladorRest:37] Obteniendo todos los clientes
[2020-07-30 00:10:31] [ INFO ] [ControladorRest:48] Obteniendo todos los productos
[2020-07-30 00:11:07] [ INFO ] [ControladorRest:87] Recibo la compra
[2020-07-30 00:14:36] [ INFO ] [ControladorRest:37] Obteniendo todos los clientes
[2020-07-30 00:14:36] [ INFO ] [ControladorRest:48] Obteniendo todos los productos
[2020-07-30 00:14:40] [ INFO ] [ControladorRest:87] Recibo la compra
[2020-07-30 00:17:36] [ INFO ] [ControladorRest:37] Obteniendo todos los clientes
[2020-07-30 00:17:36] [ INFO ] [ControladorRest:48] Obteniendo todos los productos
[2020-07-30 00:17:41] [ INFO ] [ControladorRest:87] Recibo la compra
[2020-07-30 00:19:53] [ INFO ] [ControladorRest:37] Obteniendo todos los clientes
[2020-07-30 00:19:54] [ INFO ] [ControladorRest:48] Obteniendo todos los productos
[2020-07-30 00:20:04] [ INFO ] [ControladorRest:87] Recibo la compra
[2020-07-30 00:20:31] [ INFO ] [ControladorRest:87] Recibo la compra
[2020-07-30 00:23:16] [ INFO ] [ControladorRest:87] Recibo la compra
[2020-07-30 00:24:21] [ INFO ] [ControladorRest:87] Recibo la compra
[2020-07-30 00:25:02] [ INFO ] [ControladorRest:87] Recibo la compra
[2020-07-30 00:29:09] [ INFO ] [ControladorRest:37] Obteniendo todos los clientes
[2020-07-30 00:29:15] [ INFO ] [ControladorRest:37] Obteniendo todos los clientes
[2020-07-30 00:29:52] [ INFO ] [ControladorRest:38] Obteniendo todos los clientes
[2020-07-30 00:29:53] [ INFO ] [ControladorRest:49] Obteniendo todos los productos
[2020-07-30 00:31:23] [ INFO ] [ControladorRest:88] Recibo la compra
[2020-07-30 00:51:41] [ INFO ] [ControladorRest:38] Obteniendo todos los clientes
[2020-07-30 00:52:25] [ INFO ] [ControladorRest:38] Obteniendo todos los clientes
[2020-07-30 00:52:56] [ INFO ] [ControladorRest:38] Obteniendo todos los clientes
[2020-07-30 00:52:56] [ INFO ] [ControladorRest:49] Obteniendo todos los productos
[2020-07-30 00:53:17] [ INFO ] [ControladorRest:88] Recibo la compra
[2020-07-30 00:53:18] [ INFO ] [ControladorRest:38] Obteniendo todos los clientes
[2020-07-30 00:54:49] [ INFO ] [ControladorRest:38] Obteniendo todos los clientes
[2020-07-30 00:54:50] [ INFO ] [ControladorRest:49] Obteniendo todos los productos
[2020-07-30 01:23:15] [ INFO ] [ControladorRest:88] Recibo la compra
[2020-07-30 01:23:38] [ INFO ] [ControladorRest:38] Obteniendo todos los clientes
[2020-07-30 01:30:38] [ INFO ] [ControladorRest:40] Obteniendo todos los clientes
[2020-07-30 01:30:38] [ INFO ] [ControladorRest:52] Obteniendo todos los productos
[2020-07-30 01:30:52] [ INFO ] [ControladorRest:100] Recibo la compra
[2020-07-30 01:31:12] [ INFO ] [ControladorRest:40] Obteniendo todos los clientes
[2020-07-30 01:31:12] [ INFO ] [ControladorRest:52] Obteniendo todos los productos
[2020-07-30 01:40:39] [ INFO ] [ControladorRest:40] Obteniendo todos los clientes
[2020-07-30 01:40:40] [ INFO ] [ControladorRest:52] Obteniendo todos los productos
[2020-07-30 01:41:00] [ INFO ] [ControladorRest:100] Recibo la compra
[2020-07-30 01:41:28] [ INFO ] [ControladorRest:40] Obteniendo todos los clientes
[2020-07-30 01:41:28] [ INFO ] [ControladorRest:52] Obteniendo todos los productos
[2020-07-30 01:46:25] [ INFO ] [ControladorRest:40] Obteniendo todos los clientes
[2020-07-30 01:46:26] [ INFO ] [ControladorRest:52] Obteniendo todos los productos
[2020-07-30 01:46:51] [ INFO ] [ControladorRest:100] Recibo la compra
[2020-07-30 01:46:57] [ INFO ] [ControladorRest:40] Obteniendo todos los clientes
[2020-07-30 01:46:57] [ INFO ] [ControladorRest:52] Obteniendo todos los productos
[2020-07-30 01:47:38] [ INFO ] [ControladorRest:40] Obteniendo todos los clientes
[2020-07-30 01:47:38] [ INFO ] [ControladorRest:52] Obteniendo todos los productos
[2020-07-30 01:48:13] [ INFO ] [ControladorRest:40] Obteniendo todos los clientes
[2020-07-30 01:48:14] [ INFO ] [ControladorRest:52] Obteniendo todos los productos
[2020-07-30 01:49:22] [ INFO ] [ControladorRest:83] Save producto en BBDD
[2020-07-30 01:49:36] [ INFO ] [ControladorRest:40] Obteniendo todos los clientes
[2020-07-30 01:49:36] [ INFO ] [ControladorRest:52] Obteniendo todos los productos
[2020-07-30 01:51:04] [ INFO ] [ControladorRest:100] Recibo la compra
[2020-07-30 01:51:04] [ INFO ] [ControladorRest:40] Obteniendo todos los clientes
[2020-07-30 01:51:04] [ INFO ] [ControladorRest:52] Obteniendo todos los productos
[2020-07-30 01:54:33] [ INFO ] [ControladorRest:40] Obteniendo todos los clientes
[2020-07-30 01:54:34] [ INFO ] [ControladorRest:52] Obteniendo todos los productos
[2020-07-30 01:54:46] [ INFO ] [ControladorRest:40] Obteniendo todos los clientes
[2020-07-30 01:54:46] [ INFO ] [ControladorRest:52] Obteniendo todos los productos
[2020-07-30 01:54:52] [ INFO ] [ControladorRest:40] Obteniendo todos los clientes
[2020-07-30 01:54:53] [ INFO ] [ControladorRest:52] Obteniendo todos los productos
[2020-07-30 01:55:12] [ INFO ] [ControladorRest:40] Obteniendo todos los clientes
[2020-07-30 01:55:13] [ INFO ] [ControladorRest:52] Obteniendo todos los productos
[2020-07-30 01:55:45] [ INFO ] [ControladorRest:40] Obteniendo todos los clientes
[2020-07-30 01:55:46] [ INFO ] [ControladorRest:52] Obteniendo todos los productos
[2020-07-30 01:55:55] [ INFO ] [ControladorRest:40] Obteniendo todos los clientes
[2020-07-30 01:55:55] [ INFO ] [ControladorRest:52] Obteniendo todos los productos
[2020-08-06 00:19:59] [ INFO ] [ControladorRest:40] Obteniendo todos los clientes
[2020-08-06 00:19:59] [ INFO ] [ControladorRest:52] Obteniendo todos los productos
[2020-08-06 00:20:16] [ INFO ] [ControladorRest:40] Obteniendo todos los clientes
[2020-08-06 00:20:16] [ INFO ] [ControladorRest:52] Obteniendo todos los productos
[2020-08-06 00:20:36] [ INFO ] [ControladorRest:100] Recibo la compra
[2020-08-06 00:20:36] [ INFO ] [ControladorRest:40] Obteniendo todos los clientes
[2020-08-06 00:20:36] [ INFO ] [ControladorRest:52] Obteniendo todos los productos
[2020-08-06 00:22:08] [ INFO ] [ControladorRest:100] Recibo la compra
[2020-08-06 00:22:08] [ INFO ] [ControladorRest:40] Obteniendo todos los clientes
[2020-08-06 00:22:08] [ INFO ] [ControladorRest:52] Obteniendo todos los productos
[2020-08-06 00:22:33] [ INFO ] [ControladorRest:40] Obteniendo todos los clientes
[2020-08-06 00:22:33] [ INFO ] [ControladorRest:52] Obteniendo todos los productos
[2020-08-06 00:22:40] [ INFO ] [ControladorRest:40] Obteniendo todos los clientes
[2020-08-06 00:22:40] [ INFO ] [ControladorRest:52] Obteniendo todos los productos
[2020-08-06 00:23:03] [ INFO ] [ControladorRest:100] Recibo la compra
[2020-08-06 00:23:03] [ INFO ] [ControladorRest:40] Obteniendo todos los clientes
[2020-08-06 00:23:03] [ INFO ] [ControladorRest:52] Obteniendo todos los productos
[2020-08-06 00:32:06] [ INFO ] [ControladorRest:40] Obteniendo todos los clientes
[2020-08-06 00:32:07] [ INFO ] [ControladorRest:52] Obteniendo todos los productos
[2020-08-06 00:32:15] [ INFO ] [ControladorRest:100] Recibo la compra
[2020-08-06 00:32:16] [ INFO ] [ControladorRest:40] Obteniendo todos los clientes
[2020-08-06 00:32:16] [ INFO ] [ControladorRest:52] Obteniendo todos los productos
[2020-08-06 00:43:20] [ INFO ] [ControladorRest:142] Generandoo la factura
[2020-08-06 00:54:27] [ INFO ] [ControladorRest:40] Obteniendo todos los clientes
[2020-08-06 00:54:41] [ INFO ] [ControladorRest:142] Generandoo la factura
[2020-08-06 00:54:45] [ INFO ] [ControladorRest:142] Generandoo la factura
[2020-08-06 00:55:50] [ INFO ] [ControladorRest:142] Generandoo la factura
[2020-08-06 01:05:18] [ INFO ] [ControladorRest:143] Generandoo la factura
[2020-08-06 01:05:27] [ INFO ] [ControladorRest:143] Generandoo la factura
[2020-08-06 01:05:32] [ INFO ] [ControladorRest:143] Generandoo la factura
[2020-08-06 01:06:19] [ INFO ] [ControladorRest:143] Generandoo la factura
[2020-08-06 01:07:07] [ INFO ] [ControladorRest:143] Generandoo la factura
[2020-08-06 01:08:13] [ INFO ] [ControladorRest:143] Generandoo la factura
[2020-08-06 01:08:35] [ INFO ] [ControladorRest:143] Generandoo la factura
[2020-08-06 01:10:00] [ INFO ] [ControladorRest:143] Generandoo la factura
[2020-08-06 01:10:10] [ INFO ] [ControladorRest:143] Generandoo la factura
[2020-08-06 01:13:23] [ INFO ] [ControladorRest:131] Generandoo la factura
[2020-08-06 01:15:21] [ INFO ] [ControladorRest:131] Generandoo la factura
[2020-08-06 01:16:27] [ INFO ] [ControladorRest:131] Generandoo la factura
[2020-08-06 01:17:03] [ INFO ] [ControladorRest:131] Generandoo la factura
[2020-08-06 01:17:51] [ INFO ] [ControladorRest:131] Generandoo la factura
[2020-08-06 01:23:52] [ INFO ] [ControladorRest:132] Generandoo la factura
[2020-08-06 01:24:03] [ INFO ] [ControladorRest:132] Generandoo la factura
[2020-08-06 01:24:17] [ INFO ] [ControladorRest:132] Generandoo la factura
[2020-08-06 01:24:22] [ INFO ] [ControladorRest:132] Generandoo la factura
[2020-08-06 01:25:02] [ INFO ] [ControladorRest:132] Generandoo la factura
[2020-08-06 01:25:05] [ INFO ] [ControladorRest:132] Generandoo la factura
[2020-08-06 01:25:27] [ INFO ] [ControladorRest:132] Generandoo la factura
[2020-08-06 01:25:50] [ INFO ] [ControladorRest:132] Generandoo la factura
[2020-08-06 01:25:54] [ INFO ] [ControladorRest:132] Generandoo la factura
[2020-08-06 01:26:52] [ INFO ] [ControladorRest:132] Generandoo la factura
[2020-08-06 01:27:05] [ INFO ] [ControladorRest:132] Generandoo la factura
[2020-08-06 01:27:08] [ INFO ] [ControladorRest:132] Generandoo la factura
[2020-08-06 01:34:55] [ INFO ] [ControladorRest:132] Generandoo la factura
[2020-08-06 01:38:46] [ INFO ] [ControladorRest:132] Generandoo la factura
[2020-08-06 01:38:48] [ INFO ] [ControladorRest:132] Generandoo la factura
[2020-08-06 01:39:26] [ INFO ] [ControladorRest:132] Generandoo la factura
[2020-08-06 01:43:21] [ INFO ] [ControladorRest:132] Generandoo la factura
[2020-08-06 01:43:44] [ INFO ] [ControladorRest:132] Generandoo la factura
[2020-08-06 01:43:46] [ INFO ] [ControladorRest:132] Generandoo la factura
[2020-08-06 01:43:50] [ INFO ] [ControladorRest:132] Generandoo la factura
[2020-08-06 01:43:55] [ INFO ] [ControladorRest:132] Generandoo la factura
[2020-08-06 01:44:29] [ INFO ] [ControladorRest:132] Generandoo la factura
